{
  "RSpec": {
    "coverage": {
      "/Users/ben/Desktop/Epicodus-Ruby-and-Rails-Week-5-Project/spec/features/landing_page_spec.rb": [
        1,
        null,
        1,
        1,
        1,
        null,
        1,
        1,
        1,
        null,
        null,
        null
      ],
      "/Users/ben/Desktop/Epicodus-Ruby-and-Rails-Week-5-Project/spec/rails_helper.rb": [
        null,
        1,
        1,
        1,
        null,
        1,
        1,
        1,
        null,
        null,
        null,
        null,
        null,
        null,
        null,
        null,
        null,
        null,
        null,
        null,
        null,
        null,
        null,
        null,
        null,
        null,
        null,
        1,
        1,
        null,
        0,
        0,
        null,
        1,
        null,
        1,
        null,
        null,
        null,
        null,
        1,
        null,
        null,
        null,
        null,
        null,
        null,
        null,
        null,
        null,
        null,
        null,
        null,
        null,
        null,
        1,
        null,
        null,
        1,
        null,
        null,
        null,
        null,
        null,
        1,
        1,
        1,
        1,
        null,
        null,
        null,
        1,
        1,
        null
      ],
      "/Users/ben/Desktop/Epicodus-Ruby-and-Rails-Week-5-Project/config/environment.rb": [
        null,
        1,
        null,
        null,
        1
      ],
      "/Users/ben/Desktop/Epicodus-Ruby-and-Rails-Week-5-Project/config/application.rb": [
        1,
        null,
        1,
        null,
        1,
        1,
        1,
        1,
        1,
        1,
        1,
        1,
        1,
        null,
        null,
        null,
        null,
        1,
        null,
        1,
        1,
        null,
        1,
        null,
        null,
        null,
        null,
        null,
        null,
        null,
        1,
        null,
        null
      ],
      "/Users/ben/Desktop/Epicodus-Ruby-and-Rails-Week-5-Project/config/boot.rb": [
        1,
        null,
        1,
        1
      ],
      "/Users/ben/Desktop/Epicodus-Ruby-and-Rails-Week-5-Project/config/environments/test.rb": [
        1,
        null,
        null,
        null,
        null,
        null,
        null,
        1,
        null,
        null,
        null,
        null,
        1,
        null,
        null,
        1,
        1,
        null,
        null,
        null,
        null,
        1,
        1,
        null,
        null,
        1,
        null,
        null,
        1,
        null,
        null,
        1,
        null,
        1,
        null,
        null,
        null,
        null,
        1,
        null,
        null,
        1,
        null,
        null,
        null,
        null
      ],
      "/Users/ben/Desktop/Epicodus-Ruby-and-Rails-Week-5-Project/config/initializers/application_controller_renderer.rb": [
        null,
        null,
        null,
        null,
        null,
        null,
        null,
        null
      ],
      "/Users/ben/Desktop/Epicodus-Ruby-and-Rails-Week-5-Project/config/initializers/assets.rb": [
        null,
        null,
        null,
        1,
        null,
        null,
        null,
        null,
        1,
        null,
        null,
        null,
        null,
        null
      ],
      "/Users/ben/Desktop/Epicodus-Ruby-and-Rails-Week-5-Project/config/initializers/backtrace_silencers.rb": [
        null,
        null,
        null,
        null,
        null,
        null,
        null
      ],
      "/Users/ben/Desktop/Epicodus-Ruby-and-Rails-Week-5-Project/config/initializers/content_security_policy.rb": [
        null,
        null,
        null,
        null,
        null,
        null,
        null,
        null,
        null,
        null,
        null,
        null,
        null,
        null,
        null,
        null,
        null,
        null,
        null,
        null,
        null,
        null,
        null,
        null,
        null
      ],
      "/Users/ben/Desktop/Epicodus-Ruby-and-Rails-Week-5-Project/config/initializers/cookies_serializer.rb": [
        null,
        null,
        null,
        null,
        1
      ],
      "/Users/ben/Desktop/Epicodus-Ruby-and-Rails-Week-5-Project/config/initializers/devise.rb": [
        null,
        null,
        null,
        null,
        1,
        null,
        null,
        null,
        null,
        null,
        null,
        null,
        null,
        null,
        null,
        null,
        null,
        null,
        null,
        null,
        1,
        null,
        null,
        null,
        null,
        null,
        null,
        null,
        null,
        null,
        null,
        null,
        1,
        null,
        null,
        null,
        null,
        null,
        null,
        null,
        null,
        null,
        null,
        null,
        null,
        null,
        null,
        null,
        null,
        null,
        null,
        null,
        null,
        null,
        1,
        null,
        null,
        null,
        null,
        1,
        null,
        null,
        null,
        null,
        null,
        null,
        null,
        null,
        null,
        null,
        null,
        null,
        null,
        null,
        null,
        null,
        null,
        null,
        null,
        null,
        null,
        null,
        null,
        null,
        null,
        null,
        null,
        null,
        null,
        null,
        1,
        null,
        null,
        null,
        null,
        null,
        null,
        null,
        null,
        null,
        null,
        null,
        null,
        null,
        null,
        null,
        null,
        null,
        null,
        null,
        null,
        null,
        null,
        1,
        null,
        null,
        null,
        null,
        null,
        null,
        null,
        null,
        null,
        null,
        null,
        null,
        null,
        null,
        null,
        null,
        null,
        null,
        null,
        null,
        null,
        null,
        null,
        null,
        null,
        null,
        null,
        null,
        null,
        null,
        null,
        null,
        null,
        1,
        null,
        null,
        null,
        null,
        null,
        null,
        null,
        null,
        null,
        1,
        null,
        null,
        null,
        null,
        null,
        null,
        null,
        null,
        null,
        null,
        1,
        null,
        null,
        null,
        null,
        1,
        null,
        null,
        null,
        null,
        null,
        null,
        null,
        null,
        null,
        null,
        null,
        null,
        null,
        null,
        null,
        null,
        null,
        null,
        null,
        null,
        null,
        null,
        null,
        null,
        null,
        null,
        null,
        null,
        null,
        null,
        null,
        null,
        null,
        null,
        null,
        null,
        null,
        null,
        null,
        null,
        1,
        null,
        null,
        null,
        null,
        null,
        null,
        null,
        null,
        null,
        null,
        null,
        null,
        null,
        null,
        null,
        null,
        null,
        null,
        null,
        null,
        null,
        null,
        null,
        null,
        null,
        null,
        null,
        null,
        null,
        null,
        null,
        null,
        null,
        null,
        null,
        null,
        null,
        null,
        null,
        null,
        null,
        1,
        null,
        null,
        null,
        null,
        null,
        null,
        null,
        null,
        null,
        null,
        null,
        null,
        null,
        null,
        null,
        null,
        null,
        null,
        null,
        null,
        null,
        null,
        null,
        null,
        null,
        null,
        null,
        null,
        null,
        null,
        null,
        null,
        null,
        null,
        null,
        null,
        null,
        null,
        null,
        null,
        null,
        null
      ],
      "/Users/ben/Desktop/Epicodus-Ruby-and-Rails-Week-5-Project/config/initializers/filter_parameter_logging.rb": [
        null,
        null,
        null,
        1
      ],
      "/Users/ben/Desktop/Epicodus-Ruby-and-Rails-Week-5-Project/config/initializers/inflections.rb": [
        null,
        null,
        null,
        null,
        null,
        null,
        null,
        null,
        null,
        null,
        null,
        null,
        null,
        null,
        null,
        null
      ],
      "/Users/ben/Desktop/Epicodus-Ruby-and-Rails-Week-5-Project/config/initializers/mime_types.rb": [
        null,
        null,
        null,
        null
      ],
      "/Users/ben/Desktop/Epicodus-Ruby-and-Rails-Week-5-Project/config/initializers/wrap_parameters.rb": [
        null,
        null,
        null,
        null,
        null,
        null,
        1,
        2,
        null,
        null,
        null,
        null,
        null,
        null
      ],
      "/Users/ben/Desktop/Epicodus-Ruby-and-Rails-Week-5-Project/spec/factories.rb": [
        1,
        1,
        2,
        3,
        3,
        null,
        null,
        1,
        1,
        1,
        1,
        1,
        null,
        null,
        1,
        2,
        2,
        2,
        null,
        null
      ],
      "/Users/ben/Desktop/Epicodus-Ruby-and-Rails-Week-5-Project/config/routes.rb": [
        1,
        null,
        1,
        1,
        1,
        1,
        1,
        1,
        null,
        null
      ],
      "/Users/ben/Desktop/Epicodus-Ruby-and-Rails-Week-5-Project/app/models/user.rb": [
        1,
        1,
        null,
        1,
        1,
        1,
        1,
        null,
        null,
        null,
        1,
        null,
        null
      ],
      "/Users/ben/Desktop/Epicodus-Ruby-and-Rails-Week-5-Project/app/models/application_record.rb": [
        1,
        1,
        null
      ],
      "/Users/ben/Desktop/Epicodus-Ruby-and-Rails-Week-5-Project/app/helpers/application_helper.rb": [
        1,
        null
      ],
      "/Users/ben/Desktop/Epicodus-Ruby-and-Rails-Week-5-Project/app/helpers/landing_page_helper.rb": [
        1,
        null
      ],
      "/Users/ben/Desktop/Epicodus-Ruby-and-Rails-Week-5-Project/app/helpers/users_helper.rb": [
        1,
        null
      ],
      "/Users/ben/Desktop/Epicodus-Ruby-and-Rails-Week-5-Project/spec/features/users_display_spec.rb": [
        1,
        null,
        1,
        1,
        1,
        1,
        null,
        null,
        null,
        null,
        null,
        null,
        null,
        null,
        null
      ],
      "/Users/ben/Desktop/Epicodus-Ruby-and-Rails-Week-5-Project/spec/models/product_spec.rb": [
        1,
        null,
        1,
        2,
        null,
        2,
        2,
        2,
        null,
        null,
        1,
        1,
        1,
        null,
        null
      ],
      "/Users/ben/Desktop/Epicodus-Ruby-and-Rails-Week-5-Project/app/models/product.rb": [
        1,
        1,
        null,
        1,
        1,
        1,
        null,
        1,
        null,
        2,
        1,
        null,
        null,
        null,
        null,
        1,
        null,
        1,
        null,
        1,
        1,
        2,
        null,
        null
      ],
      "/Users/ben/Desktop/Epicodus-Ruby-and-Rails-Week-5-Project/spec/models/review_spec.rb": [
        1,
        null,
        1,
        2,
        null,
        2,
        2,
        2,
        2,
        null,
        2,
        null,
        2,
        null,
        1,
        1,
        1,
        1,
        1,
        1,
        1,
        1,
        1,
        1,
        null,
        null
      ],
      "/Users/ben/Desktop/Epicodus-Ruby-and-Rails-Week-5-Project/app/models/review.rb": [
        1,
        1,
        1,
        null,
        1,
        1,
        1,
        1,
        1,
        1,
        null,
        null
      ],
      "/Users/ben/Desktop/Epicodus-Ruby-and-Rails-Week-5-Project/spec/models/user_spec.rb": [
        1,
        null,
        1,
        2,
        null,
        2,
        2,
        2,
        2,
        null,
        null
      ],
      "/Users/ben/Desktop/Epicodus-Ruby-and-Rails-Week-5-Project/app/controllers/landing_page_controller.rb": [
        1,
        1,
        1,
        1,
        1,
        null,
        null
      ],
      "/Users/ben/Desktop/Epicodus-Ruby-and-Rails-Week-5-Project/app/controllers/application_controller.rb": [
        1,
        1,
        null,
        1,
        null,
        1,
        0,
        null,
        null
      ],
      "/Users/ben/Desktop/Epicodus-Ruby-and-Rails-Week-5-Project/app/controllers/users_controller.rb": [
        1,
        1,
        1,
        null,
        null,
        1,
        0,
        null,
        null
      ]
    },
    "timestamp": 1565981991
  }
}
