{
  "RSpec": {
    "coverage": {
      "/Users/ben/Desktop/Epicodus-Ruby-and-Rails-Week-5-Project/app/models/user.rb": [
        1,
        1,
        null,
        1,
        1,
        1,
        1,
        null,
        null,
        null,
        1,
        null,
        null
      ],
      "/Users/ben/Desktop/Epicodus-Ruby-and-Rails-Week-5-Project/app/models/application_record.rb": [
        1,
        1,
        null
      ],
      "/Users/ben/Desktop/Epicodus-Ruby-and-Rails-Week-5-Project/app/helpers/application_helper.rb": [
        1,
        null
      ],
      "/Users/ben/Desktop/Epicodus-Ruby-and-Rails-Week-5-Project/app/helpers/landing_page_helper.rb": [
        1,
        null
      ],
      "/Users/ben/Desktop/Epicodus-Ruby-and-Rails-Week-5-Project/app/helpers/users_helper.rb": [
        1,
        null
      ],
      "/Users/ben/Desktop/Epicodus-Ruby-and-Rails-Week-5-Project/app/models/product.rb": [
        1,
        1,
        null,
        1,
        1,
        1,
        null,
        1,
        null,
        4,
        1,
        null,
        null,
        null,
        null,
        3,
        null,
        2,
        null,
        1,
        1,
        11,
        null,
        null
      ],
      "/Users/ben/Desktop/Epicodus-Ruby-and-Rails-Week-5-Project/app/models/review.rb": [
        1,
        1,
        1,
        null,
        1,
        1,
        1,
        1,
        1,
        1,
        null,
        null
      ],
      "/Users/ben/Desktop/Epicodus-Ruby-and-Rails-Week-5-Project/app/controllers/landing_page_controller.rb": [
        1,
        1,
        3,
        3,
        3,
        null,
        null
      ],
      "/Users/ben/Desktop/Epicodus-Ruby-and-Rails-Week-5-Project/app/controllers/application_controller.rb": [
        1,
        1,
        null,
        1,
        null,
        1,
        3,
        null,
        null
      ],
      "/Users/ben/Desktop/Epicodus-Ruby-and-Rails-Week-5-Project/app/controllers/products_controller.rb": [
        1,
        null,
        1,
        3,
        1,
        1,
        null,
        2,
        2,
        null,
        3,
        null,
        null,
        1,
        0,
        0,
        null,
        null,
        1,
        0,
        0,
        0,
        0,
        null,
        0,
        0,
        null,
        null,
        null,
        1,
        0,
        0,
        null,
        null,
        1,
        0,
        0,
        null,
        null,
        1,
        0,
        0,
        0,
        null,
        0,
        null,
        null,
        null,
        1,
        0,
        0,
        0,
        null,
        null,
        1,
        1,
        0,
        null,
        null,
        null
      ],
      "/Users/ben/Desktop/Epicodus-Ruby-and-Rails-Week-5-Project/app/controllers/users_controller.rb": [
        1,
        1,
        2,
        null,
        null,
        1,
        1,
        null,
        null
      ],
      "/Users/ben/Desktop/Epicodus-Ruby-and-Rails-Week-5-Project/app/mailers/application_mailer.rb": [
        0,
        0,
        0,
        0
      ],
      "/Users/ben/Desktop/Epicodus-Ruby-and-Rails-Week-5-Project/app/jobs/application_job.rb": [
        0,
        0
      ],
      "/Users/ben/Desktop/Epicodus-Ruby-and-Rails-Week-5-Project/app/controllers/reviews_controller.rb": [
        0,
        0,
        0,
        0,
        0,
        0,
        null,
        0,
        0,
        0,
        0,
        0,
        0,
        0,
        0,
        0,
        0,
        0,
        null,
        0,
        0,
        0,
        0,
        0
      ],
      "/Users/ben/Desktop/Epicodus-Ruby-and-Rails-Week-5-Project/app/channels/application_cable/connection.rb": [
        0,
        0,
        0,
        0
      ],
      "/Users/ben/Desktop/Epicodus-Ruby-and-Rails-Week-5-Project/app/channels/application_cable/channel.rb": [
        0,
        0,
        0,
        0
      ]
    },
    "timestamp": 1565991865
  }
}
